<?xml version="1.0" encoding="UTF-8"?>
<!-- Generated by org.testng.reporters.JUnitReportReporter -->
<testsuite hostname="DESKTOP-RMEHIQE" failures="0" tests="2" name="TestNg.TestTagExecutionActualCase" time="23.104" errors="0" timestamp="2022-01-13T11:12:30 IST" skipped="0">
  <testcase classname="TestNg.TestTagExecutionActualCase" name="NavToUrl" time="11.438"/>
  <system-out/>
  <testcase classname="TestNg.TestTagExecutionActualCase" name="NavToUrl" time="11.666"/>
  <system-out/>
</testsuite> <!-- TestNg.TestTagExecutionActualCase -->
