<?xml version="1.0" encoding="UTF-8"?>
<!-- Generated by org.testng.reporters.JUnitReportReporter -->
<testsuite hostname="DESKTOP-RMEHIQE" failures="0" tests="3" name="TestNg.ParallelExecutionClass1" time="0.013" errors="0" timestamp="2022-01-13T00:49:03 IST" skipped="0">
  <testcase classname="TestNg.ParallelExecutionClass1" name="login" time="0.002"/>
  <system-out/>
  <testcase classname="TestNg.ParallelExecutionClass1" name="Searchbox" time="0.002"/>
  <system-out/>
  <testcase classname="TestNg.ParallelExecutionClass1" name="Buybutton" time="0.009"/>
  <system-out/>
</testsuite> <!-- TestNg.ParallelExecutionClass1 -->
