<?xml version="1.0" encoding="UTF-8"?>
<!-- Generated by org.testng.reporters.JUnitReportReporter -->
<testsuite hostname="DESKTOP-RMEHIQE" failures="0" tests="2" name="pomtest1.LoginTest1" time="1.820" errors="0" timestamp="2022-03-14T18:57:56 IST" skipped="0">
  <testcase classname="pomtest1.LoginTest1" name="LoginToApp" time="0.471"/>
  <system-out/>
  <testcase classname="pomtest1.LoginTest1" name="verifyurl" time="1.349"/>
  <system-out/>
</testsuite> <!-- pomtest1.LoginTest1 -->
