<?xml version="1.0" encoding="UTF-8"?>
<!-- Generated by org.testng.reporters.JUnitReportReporter -->
<testsuite hostname="DESKTOP-RMEHIQE" failures="0" tests="2" name="pomtest.LoginTestForFb" time="56.103" errors="0" timestamp="2022-01-16T21:42:11 IST" skipped="0">
  <testcase classname="pomtest.LoginTestForFb" name="LoginToApp" time="0.336"/>
  <system-out/>
  <testcase classname="pomtest.LoginTestForFb" name="VerifyUrl" time="55.767"/>
  <system-out/>
</testsuite> <!-- pomtest.LoginTestForFb -->
