<?xml version="1.0" encoding="UTF-8"?>
<!-- Generated by org.testng.reporters.JUnitReportReporter -->
<testsuite hostname="DESKTOP-RMEHIQE" failures="0" tests="19" name="TestNg.Dptestcase" time="0.048" errors="0" timestamp="2022-01-24T23:55:59 IST" skipped="0">
  <testcase classname="TestNg.Dptestcase" name="testcase" time="0.006"/>
  <system-out/>
  <testcase classname="TestNg.Dptestcase" name="testcase" time="0.003"/>
  <system-out/>
  <testcase classname="TestNg.Dptestcase" name="testcase" time="0.002"/>
  <system-out/>
  <testcase classname="TestNg.Dptestcase" name="testcase" time="0.001"/>
  <system-out/>
  <testcase classname="TestNg.Dptestcase" name="testcase" time="0.003"/>
  <system-out/>
  <testcase classname="TestNg.Dptestcase" name="testcase" time="0.002"/>
  <system-out/>
  <testcase classname="TestNg.Dptestcase" name="testcase" time="0.001"/>
  <system-out/>
  <testcase classname="TestNg.Dptestcase" name="testcase" time="0.004"/>
  <system-out/>
  <testcase classname="TestNg.Dptestcase" name="testcase" time="0.004"/>
  <system-out/>
  <testcase classname="TestNg.Dptestcase" name="testcase" time="0.003"/>
  <system-out/>
  <testcase classname="TestNg.Dptestcase" name="testcase" time="0.004"/>
  <system-out/>
  <testcase classname="TestNg.Dptestcase" name="testcase" time="0.006"/>
  <system-out/>
  <testcase classname="TestNg.Dptestcase" name="testcase" time="0.002"/>
  <system-out/>
  <testcase classname="TestNg.Dptestcase" name="testcase" time="0.001"/>
  <system-out/>
  <testcase classname="TestNg.Dptestcase" name="testcase" time="0.003"/>
  <system-out/>
  <testcase classname="TestNg.Dptestcase" name="testcase" time="0.001"/>
  <system-out/>
  <testcase classname="TestNg.Dptestcase" name="testcase" time="0.000"/>
  <system-out/>
  <testcase classname="TestNg.Dptestcase" name="testcase" time="0.000"/>
  <system-out/>
  <testcase classname="TestNg.Dptestcase" name="testcase" time="0.002"/>
  <system-out/>
</testsuite> <!-- TestNg.Dptestcase -->
