<?xml version="1.0" encoding="UTF-8"?>
<!-- Generated by org.testng.reporters.JUnitReportReporter -->
<testsuite hostname="DESKTOP-RMEHIQE" failures="0" tests="1" name="TestNg.ParallelTestCaseExecutionExample2" time="15.650" errors="0" timestamp="2022-01-13T00:22:47 IST" skipped="0">
  <testcase classname="TestNg.ParallelTestCaseExecutionExample2" name="LaunchingChromeForOrange" time="15.650"/>
  <system-out/>
</testsuite> <!-- TestNg.ParallelTestCaseExecutionExample2 -->
