<?xml version="1.0" encoding="UTF-8"?>
<!-- Generated by org.testng.reporters.JUnitReportReporter -->
<testsuite hostname="DESKTOP-RMEHIQE" failures="0" tests="2" name="TestNg.Annotation" time="0.010" errors="0" timestamp="2022-01-20T16:44:55 IST" skipped="0">
  <testcase classname="TestNg.Annotation" name="test1" time="0.006"/>
  <system-out/>
  <testcase classname="TestNg.Annotation" name="test2" time="0.004"/>
  <system-out/>
</testsuite> <!-- TestNg.Annotation -->
