<?xml version="1.0" encoding="UTF-8"?>
<!-- Generated by org.testng.reporters.JUnitReportReporter -->
<testsuite hostname="DESKTOP-RMEHIQE" failures="0" tests="1" name="TestNg.ParallelTestCaseExecution" time="13.298" errors="0" timestamp="2022-01-13T00:22:47 IST" skipped="0">
  <testcase classname="TestNg.ParallelTestCaseExecution" name="LaunchingChromeForFacebook" time="13.298"/>
  <system-out/>
</testsuite> <!-- TestNg.ParallelTestCaseExecution -->
