<?xml version="1.0" encoding="UTF-8"?>
<!-- Generated by org.testng.reporters.JUnitReportReporter -->
<testsuite hostname="DESKTOP-RMEHIQE" failures="0" tests="1" name="TestNg.ParameterInTestNG1" time="0.006" errors="0" timestamp="2022-01-12T22:00:56 IST" skipped="0">
  <testcase classname="TestNg.ParameterInTestNG1" name="logintoBrowser" time="0.006"/>
  <system-out/>
</testsuite> <!-- TestNg.ParameterInTestNG1 -->
