<?xml version="1.0" encoding="UTF-8"?>
<!-- Generated by org.testng.reporters.JUnitReportReporter -->
<testsuite hostname="DESKTOP-RMEHIQE" failures="0" tests="2" name="pomtest.LoginTest" time="2.192" errors="0" timestamp="2022-01-20T17:09:09 IST" skipped="0">
  <testcase classname="pomtest.LoginTest" name="LoginToApp" time="0.571"/>
  <system-out/>
  <testcase classname="pomtest.LoginTest" name="VerifyUrl" time="1.621"/>
  <system-out/>
</testsuite> <!-- pomtest.LoginTest -->
