<?xml version="1.0" encoding="UTF-8"?>
<!-- Generated by org.testng.reporters.JUnitReportReporter -->
<testsuite hostname="DESKTOP-RMEHIQE" failures="0" tests="3" name="TestNg.Enabled" time="0.002" errors="0" timestamp="2022-01-20T16:44:55 IST" skipped="1">
  <testcase classname="TestNg.Enabled" name="login" time="0.001"/>
  <system-out/>
  <testcase classname="TestNg.Enabled" name="Buybutton" time="0.001"/>
  <system-out/>
  <testcase classname="TestNg.Enabled" name="Searchbox">
    <skipped/>
  </testcase> <!-- Searchbox -->
  <system-out/>
</testsuite> <!-- TestNg.Enabled -->
