<?xml version="1.0" encoding="UTF-8"?>
<!-- Generated by org.testng.reporters.JUnitReportReporter -->
<testsuite hostname="DESKTOP-RMEHIQE" failures="0" tests="2" name="TestNg.ParallelExecutionOfTestTagExm2" time="0.011" errors="0" timestamp="2022-01-13T10:18:19 IST" skipped="0">
  <testcase classname="TestNg.ParallelExecutionOfTestTagExm2" name="Testcase" time="0.010"/>
  <system-out/>
  <testcase classname="TestNg.ParallelExecutionOfTestTagExm2" name="avtar" time="0.001"/>
  <system-out/>
</testsuite> <!-- TestNg.ParallelExecutionOfTestTagExm2 -->
