<?xml version="1.0" encoding="UTF-8"?>
<!-- Generated by org.testng.reporters.JUnitReportReporter -->
<testsuite hostname="DESKTOP-RMEHIQE" failures="0" tests="5" name="TestNg.GroupingOfTestCases" time="0.014" errors="0" timestamp="2022-01-12T15:23:11 IST" skipped="0">
  <testcase classname="TestNg.GroupingOfTestCases" name="Searchbox" time="0.009"/>
  <system-out/>
  <testcase classname="TestNg.GroupingOfTestCases" name="Buybutton" time="0.001"/>
  <system-out/>
  <testcase classname="TestNg.GroupingOfTestCases" name="Alert" time="0.002"/>
  <system-out/>
  <testcase classname="TestNg.GroupingOfTestCases" name="avtar" time="0.001"/>
  <system-out/>
  <testcase classname="TestNg.GroupingOfTestCases" name="performence" time="0.001"/>
  <system-out/>
</testsuite> <!-- TestNg.GroupingOfTestCases -->
