<?xml version="1.0" encoding="UTF-8"?>
<!-- Generated by org.testng.reporters.JUnitReportReporter -->
<testsuite hostname="DESKTOP-RMEHIQE" failures="0" tests="7" name="TestNg.InvocationCount" time="0.015" errors="0" timestamp="2022-01-06T13:29:47 IST" skipped="0">
  <testcase classname="TestNg.InvocationCount" name="Searchbox" time="0.001"/>
  <system-out>
    <![CDATA[searchbox test case 1]]>
  </system-out>
  <testcase classname="TestNg.InvocationCount" name="Searchbox" time="0.007"/>
  <system-out>
    <![CDATA[searchbox test case 1]]>
  </system-out>
  <testcase classname="TestNg.InvocationCount" name="login" time="0.002"/>
  <system-out>
    <![CDATA[login test case 1]]>
  </system-out>
  <testcase classname="TestNg.InvocationCount" name="login" time="0.001"/>
  <system-out>
    <![CDATA[login test case 1]]>
  </system-out>
  <testcase classname="TestNg.InvocationCount" name="Buybutton" time="0.002"/>
  <system-out>
    <![CDATA[buybutton test case 1]]>
  </system-out>
  <testcase classname="TestNg.InvocationCount" name="Buybutton" time="0.001"/>
  <system-out>
    <![CDATA[buybutton test case 1]]>
  </system-out>
  <testcase classname="TestNg.InvocationCount" name="Buybutton" time="0.001"/>
  <system-out>
    <![CDATA[buybutton test case 1]]>
  </system-out>
</testsuite> <!-- TestNg.InvocationCount -->
