<?xml version="1.0" encoding="UTF-8"?>
<!-- Generated by org.testng.reporters.JUnitReportReporter -->
<testsuite hostname="DESKTOP-RMEHIQE" failures="0" tests="1" name="TestNg.DependsOnMethod2" time="0.000" errors="0" timestamp="2022-01-11T12:48:28 IST" skipped="1">
  <testcase classname="TestNg.DependsOnMethod2" name="alert" time="0.000">
    <skipped/>
  </testcase> <!-- alert -->
  <system-out/>
</testsuite> <!-- TestNg.DependsOnMethod2 -->
