<?xml version="1.0" encoding="UTF-8"?>
<!-- Generated by org.testng.reporters.JUnitReportReporter -->
<testsuite hostname="DESKTOP-RMEHIQE" failures="0" tests="1" name="pomtest2.Logintest2" time="11.443" errors="0" timestamp="2022-03-21T12:46:52 IST" skipped="0">
  <testcase classname="pomtest2.Logintest2" name="verifyurl" time="11.443"/>
  <system-out/>
</testsuite> <!-- pomtest2.Logintest2 -->
