<?xml version="1.0" encoding="UTF-8"?>
<!-- Generated by org.testng.reporters.JUnitReportReporter -->
<testsuite hostname="DESKTOP-RMEHIQE" failures="0" tests="3" name="TestNg.Test1" time="0.017" errors="0" timestamp="2022-01-08T19:37:25 IST" skipped="0">
  <testcase classname="TestNg.Test1" name="Searchbox" time="0.010"/>
  <system-out/>
  <testcase classname="TestNg.Test1" name="login" time="0.002"/>
  <system-out/>
  <testcase classname="TestNg.Test1" name="Buybutton" time="0.005"/>
  <system-out/>
</testsuite> <!-- TestNg.Test1 -->
