<?xml version="1.0" encoding="UTF-8"?>
<!-- Generated by org.testng.reporters.JUnitReportReporter -->
<testsuite hostname="DESKTOP-RMEHIQE" failures="0" tests="1" name="TestNg.ParallelTestCaseExecution" time="16.271" errors="0" timestamp="2022-02-14T13:51:51 IST" skipped="0">
  <testcase classname="TestNg.ParallelTestCaseExecution" name="LaunchingChromeForFacebook" time="16.271"/>
  <system-out/>
</testsuite> <!-- TestNg.ParallelTestCaseExecution -->
