<?xml version="1.0" encoding="UTF-8"?>
<!-- Generated by org.testng.reporters.JUnitReportReporter -->
<testsuite hostname="DESKTOP-RMEHIQE" failures="0" tests="2" name="TestNg.ParallelExecutionClass2" time="0.011" errors="0" timestamp="2022-01-13T00:49:03 IST" skipped="0">
  <testcase classname="TestNg.ParallelExecutionClass2" name="avtar" time="0.002"/>
  <system-out/>
  <testcase classname="TestNg.ParallelExecutionClass2" name="Testcase" time="0.009"/>
  <system-out/>
</testsuite> <!-- TestNg.ParallelExecutionClass2 -->
