<?xml version="1.0" encoding="UTF-8"?>
<!-- Generated by org.testng.reporters.JUnitReportReporter -->
<testsuite hostname="DESKTOP-RMEHIQE" failures="0" tests="1" name="TestNg.InclusionExclusion" time="0.006" errors="0" timestamp="2022-01-12T16:20:35 IST" skipped="0">
  <testcase classname="TestNg.InclusionExclusion" name="login" time="0.006"/>
  <system-out/>
</testsuite> <!-- TestNg.InclusionExclusion -->
