<?xml version="1.0" encoding="UTF-8"?>
<!-- Generated by org.testng.reporters.JUnitReportReporter -->
<testsuite hostname="DESKTOP-RMEHIQE" failures="0" tests="3" name="TestNg.ParallelExecutionOfTestTagExm1" time="0.014" errors="0" timestamp="2022-01-13T10:18:19 IST" skipped="0">
  <testcase classname="TestNg.ParallelExecutionOfTestTagExm1" name="Searchbox" time="0.002"/>
  <system-out/>
  <testcase classname="TestNg.ParallelExecutionOfTestTagExm1" name="login" time="0.001"/>
  <system-out/>
  <testcase classname="TestNg.ParallelExecutionOfTestTagExm1" name="Buybutton" time="0.011"/>
  <system-out/>
</testsuite> <!-- TestNg.ParallelExecutionOfTestTagExm1 -->
