<?xml version="1.0" encoding="UTF-8"?>
<!-- Generated by org.testng.reporters.JUnitReportReporter -->
<testsuite hostname="DESKTOP-RMEHIQE" failures="0" tests="1" name="TestNg.Annotation2" time="0.001" errors="0" timestamp="2022-01-20T16:44:55 IST" skipped="0">
  <testcase classname="TestNg.Annotation2" name="dashboard" time="0.001"/>
  <system-out/>
</testsuite> <!-- TestNg.Annotation2 -->
