<?xml version="1.0" encoding="UTF-8"?>
<!-- Generated by org.testng.reporters.JUnitReportReporter -->
<testsuite hostname="DESKTOP-RMEHIQE" failures="0" tests="1" name="TestNg.TestNGactualuses" time="0.007" errors="0" timestamp="2022-01-08T18:01:25 IST" skipped="0">
  <testcase classname="TestNg.TestNGactualuses" name="Testcase" time="0.007"/>
  <system-out/>
</testsuite> <!-- TestNg.TestNGactualuses -->
